<?xml version="1.0" encoding="UTF-8" ?>
<testsuite errors="0" failures="0" hostname="DESKTOP-LEQDGHR" name="TestResult" skipped="0" tests="1" time="0.163" timestamp="2025-04-07T11:10:25">
  <properties>
    <property name="ant.library.dir" value="C:\ant\apache-ant-1.10.15-bin\apache-ant-1.10.15\lib" />
    <property name="java.specification.version" value="17" />
    <property name="ant.project.name" value="web-lab3" />
    <property name="sun.cpu.isalist" value="amd64" />
    <property name="ant.file.web-lab3" value="C:\Users\Nikita\IdeaProjects\web-lab3\build.xml" />
    <property name="sun.jnu.encoding" value="Cp1251" />
    <property name="sun.arch.data.model" value="64" />
    <property name="native2ascii.resources" value="src/main/resources/native2ascii" />
    <property name="java.vendor.url" value="https://java.oracle.com/" />
    <property name="resources.dir" value="src/main/resources" />
    <property name="sun.boot.library.path" value="C:\Program Files\Java\jdk-17\bin" />
    <property name="sun.java.command" value="org.apache.tools.ant.taskdefs.optional.junit.JUnitTestRunner TestResult skipNonTests=false filtertrace=true haltOnError=false haltOnFailure=true formatter=org.apache.tools.ant.taskdefs.optional.junit.SummaryJUnitResultFormatter showoutput=false outputtoformatters=true logfailedtests=true threadid=0 logtestlistenerevents=false formatter=org.apache.tools.ant.taskdefs.optional.junit.PlainJUnitResultFormatter,C:\Users\Nikita\IdeaProjects\web-lab3\ant\reports\TEST-TestResult.txt formatter=org.apache.tools.ant.taskdefs.optional.junit.XMLJUnitResultFormatter,C:\Users\Nikita\IdeaProjects\web-lab3\ant\reports\TEST-TestResult.xml crashfile=C:\Users\Nikita\IdeaProjects\web-lab3\junitvmwatcher3217088045971249596.properties propsfile=C:\Users\Nikita\IdeaProjects\web-lab3\junit2998403182574647653.properties" />
    <property name="test.classes.dir" value="ant/build/test/classes" />
    <property name="jdk.debug" value="release" />
    <property name="sun.stderr.encoding" value="cp866" />
    <property name="web.dir" value="src/main/webapp" />
    <property name="java.specification.vendor" value="Oracle Corporation" />
    <property name="java.version.date" value="2023-07-18" />
    <property name="java.home" value="C:\Program Files\Java\jdk-17" />
    <property name="contrib" value="lib/ant-contrib-1.0b3.jar" />
    <property name="basedir" value="C:\Users\Nikita\IdeaProjects\web-lab3" />
    <property name="file.separator" value="\" />
    <property name="java.vm.compressedOopsMode" value="Zero based" />
    <property name="line.separator" value="&#xd;&#xa;" />
    <property name="sun.stdout.encoding" value="cp866" />
    <property name="java.vm.specification.vendor" value="Oracle Corporation" />
    <property name="java.specification.name" value="Java Platform API Specification" />
    <property name="jvm.args.17" value="-Xmx512m -Denv=java17" />
    <property name="user.script" value="" />
    <property name="sun.management.compiler" value="HotSpot 64-Bit Tiered Compilers" />
    <property name="java.runtime.version" value="17.0.8+9-LTS-211" />
    <property name="tracked.classes" value="Result,Input,AreaChecker" />
    <property name="user.name" value="Nikita" />
    <property name="file.encoding" value="Cp1251" />
    <property name="java.home.17" value="C:/Program Files/Java/jdk-17" />
    <property name="diff.file" value="ant/history-diff.txt" />
    <property name="dist.dir" value="ant/dist" />
    <property name="build.dir" value="ant/build" />
    <property name="java.io.tmpdir" value="C:\Users\Nikita\AppData\Local\Temp\" />
    <property name="java.version" value="17.0.8" />
    <property name="jvm.args.21" value="-Xmx1g -Denv=java21" />
    <property name="java.vm.specification.name" value="Java Virtual Machine Specification" />
    <property name="ant.home" value="C:\ant\apache-ant-1.10.15-bin\apache-ant-1.10.15" />
    <property name="ant.dir" value="ant" />
    <property name="lib.dir" value="lib" />
    <property name="sun.os.patch.level" value="" />
    <property name="native.encoding" value="Cp1251" />
    <property name="ant.version" value="Apache Ant(TM) version 1.10.15 compiled on August 25 2024" />
    <property name="java.library.path" value="C:\Program Files\Java\jdk-17\bin;C:\WINDOWS\Sun\Java\bin;C:\WINDOWS\system32;C:\WINDOWS;C:\Python312\Scripts\;C:\Python312\;D:\oracle\bin;C:\Program Files\Common Files\Oracle\Java\javapath;C:\Program Files (x86)\Common Files\Intel\Shared Libraries\redist\intel64\compiler;C:\WINDOWS\system32;C:\WINDOWS;C:\WINDOWS\System32\Wbem;C:\WINDOWS\System32\WindowsPowerShell\v1.0\;C:\WINDOWS\System32\OpenSSH\;C:\Program Files\PuTTY\;C:\Program Files (x86)\apache-maven-3.9.6\bin;C:\ProgramData\chocolatey\bin;C:\Program Files\Git\cmd;C:\Program Files\Zero Install;C:\Program Files\WireGuard\;C:\Program Files\nodejs\;C:\Program Files\Docker\Docker\resources\bin;C:\Program Files\TortoiseSVN\bin;C:\Users\Nikita\scoop\shims;C:\Python312\Scripts\;C:\Python312\;D:\oracle\bin;C:\Program Files\Common Files\Oracle\Java\javapath;C:\Program Files (x86)\Common Files\Intel\Shared Libraries\redist\intel64\compiler;C:\WINDOWS\system32;C:\WINDOWS;C:\WINDOWS\System32\Wbem;C:\WINDOWS\System32\WindowsPowerShell\v1.0\;C:\WINDOWS\System32\OpenSSH\;C:\Program Files\PuTTY\;C:\Program Files (x86)\apache-maven-3.9.6\bin;C:\ProgramData\chocolatey\bin;C:\Program Files\Git\cmd;C:\Program Files\Zero Install;C:\Program Files\WireGuard\;C:\Program Files\nodejs\;C:\Program Files\Java\jdk-17\bin;C:\Users\Nikita\AppData\Local\Microsoft\WindowsApps;D:\WebStorm 2023.3.5\bin;C:\Users\Nikita\AppData\Local\GitHubDesktop\bin;D:\CLion 2023.2.2\bin;D:\Microsoft VS Code\bin;D:\DataGrip 2023.3.4\bin;D:\JetBrains Rider 2023.3.3\bin;D:\IntelliJ IDEA 2024.1.3\bin;C:\Users\Nikita\.dotnet\tools;C:\Users\Nikita\AppData\Local\JetBrains\Toolbox\scripts;C:\Users\Nikita\AppData\Roaming\Programs\Zero Install;C:\Users\Nikita\AppData\Local\bin\NASM;C:\mingw64\bin;C:\Users\Nikita\A;C:\Users\Nikita\AppData\Local\Android\Sdk\platform-tools;C:\ant\apache-ant-1.10.15-bin\apache-ant-1.10.15\bin;C:\Program Files\TortoiseSVN\bin;;." />
    <property name="java.vendor" value="Oracle Corporation" />
    <property name="classes.dir" value="ant/build/WEB-INF/classes" />
    <property name="java.home.21" value="C:/Program Files/Java/jdk-21" />
    <property name="sun.io.unicode.encoding" value="UnicodeLittle" />
    <property name="web.xml.file" value="src/main/webapp/WEB-INF/web.xml" />
    <property name="ant.file.type" value="file" />
    <property name="junit.report.dir" value="ant/reports" />
    <property name="java.class.path" value="C:\Users\Nikita\IdeaProjects\web-lab3\ant\build\test\classes;C:\Users\Nikita\IdeaProjects\web-lab3\ant\build\WEB-INF\classes;C:\Users\Nikita\IdeaProjects\web-lab3\lib\junit-4.13.2.jar;C:\Users\Nikita\IdeaProjects\web-lab3\lib\hamcrest-core-1.3.jar;C:\ant\apache-ant-1.10.15-bin\apache-ant-1.10.15\lib\junit-4.13.2.jar;C:\ant\apache-ant-1.10.15-bin\apache-ant-1.10.15\lib\ant-launcher.jar;C:\ant\apache-ant-1.10.15-bin\apache-ant-1.10.15\lib\ant.jar;C:\ant\apache-ant-1.10.15-bin\apache-ant-1.10.15\lib\ant-junit.jar;C:\ant\apache-ant-1.10.15-bin\apache-ant-1.10.15\lib\ant-junit4.jar" />
    <property name="java.vm.vendor" value="Oracle Corporation" />
    <property name="user.variant" value="" />
    <property name="java.vm.specification.version" value="17" />
    <property name="os.name" value="Windows 10" />
    <property name="user.country" value="RU" />
    <property name="sun.java.launcher" value="SUN_STANDARD" />
    <property name="main.class" value="web3.Main" />
    <property name="alt.src.dir" value="ant/alt-src" />
    <property name="test.dir" value="src/test/java" />
    <property name="sun.cpu.endian" value="little" />
    <property name="user.home" value="C:\Users\Nikita" />
    <property name="user.language" value="ru" />
    <property name="alt.classes.dir" value="ant/alt-build/classes" />
    <property name="ant.java.version" value="17" />
    <property name="main.dir" value="src/main/java" />
    <property name="classes" value="./build/classes" />
    <property name="ant.file" value="C:\Users\Nikita\IdeaProjects\web-lab3\build.xml" />
    <property name="path.separator" value=";" />
    <property name="os.version" value="10.0" />
    <property name="java.runtime.name" value="Java(TM) SE Runtime Environment" />
    <property name="build.web.xml" value="ant/build/WEB-INF/web.xml" />
    <property name="ant.project.invoked-targets" value="report" />
    <property name="java.vm.name" value="Java HotSpot(TM) 64-Bit Server VM" />
    <property name="alt.build.dir" value="ant/alt-build" />
    <property name="ant.core.lib" value="C:\ant\apache-ant-1.10.15-bin\apache-ant-1.10.15\lib\ant.jar" />
    <property name="alt.war.file" value="ant/dist/lab3-alt.war" />
    <property name="java.vendor.url.bug" value="https://bugreport.java.com/bugreport/" />
    <property name="junit" value="lib/junit-4.13.2.jar" />
    <property name="ant.file.type.web-lab3" value="file" />
    <property name="user.dir" value="C:\Users\Nikita\IdeaProjects\web-lab3" />
    <property name="os.arch" value="amd64" />
    <property name="build.dir.lib" value="ant/build/WEB-INF/lib" />
    <property name="war.file" value="ant/dist/lab3.war" />
    <property name="java.vm.info" value="mixed mode, sharing" />
    <property name="build" value="./build" />
    <property name="java.vm.version" value="17.0.8+9-LTS-211" />
    <property name="hamcrest" value="lib/hamcrest-core-1.3.jar" />
    <property name="java.class.version" value="61.0" />
    <property name="src.dir" value="src/main" />
    <property name="ant.project.default-target" value="build" />
  </properties>
  <testcase classname="TestResult" name="testCheckArea" time="0.022" />
  <system-out><![CDATA[]]></system-out>
  <system-err><![CDATA[]]></system-err>
</testsuite>
